This file contains any messages produced by compilers while
running configure, to aid debugging if configure makes a mistake.

It was created by python configure 3.5, which was
generated by GNU Autoconf 2.69.  Invocation command line was

  $ ./configure --enable-loadable-sqlite-extensions --enable-optimizations

## --------- ##
## Platform. ##
## --------- ##

hostname = vps714207
uname -m = x86_64
uname -r = 4.15.0-58-generic
uname -s = Linux
uname -v = #64-Ubuntu SMP Tue Aug 6 11:12:41 UTC 2019

/usr/bin/uname -p = unknown
/bin/uname -X     = unknown

/bin/arch              = unknown
/usr/bin/arch -k       = unknown
/usr/convex/getsysinfo = unknown
/usr/bin/hostinfo      = unknown
/bin/machine           = unknown
/usr/bin/oslevel       = unknown
/bin/universe          = unknown

PATH: /usr/local/sbin
PATH: /usr/local/bin
PATH: /usr/sbin
PATH: /usr/bin
PATH: /sbin
PATH: /bin
PATH: /usr/games
PATH: /usr/local/games
PATH: /snap/bin


## ----------- ##
## Core tests. ##
## ----------- ##

configure:2921: checking build system type
configure:2935: result: x86_64-pc-linux-gnu
configure:2955: checking host system type
configure:2968: result: x86_64-pc-linux-gnu
configure:2998: checking for python3.5
configure:3028: result: no
configure:2998: checking for python3
configure:3014: found /usr/bin/python3
configure:3025: result: python3
configure:3125: checking for --enable-universalsdk
configure:3172: result: no
configure:3195: checking for --with-universal-archs
configure:3210: result: no
configure:3360: checking MACHDEP
configure:3566: result: linux
configure:3587: checking for --without-gcc
configure:3610: result: no
configure:3613: checking for --with-icc
configure:3633: result: no
configure:3757: checking for gcc
configure:3787: result: no
configure:3850: checking for cc
configure:3897: result: no
configure:3953: checking for cl.exe
configure:3983: result: no
configure:4007: error: in `/root/Python-3.5.6':
configure:4009: error: no acceptable C compiler found in $PATH
See `config.log' for more details

## ---------------- ##
## Cache variables. ##
## ---------------- ##

ac_cv_build=x86_64-pc-linux-gnu
ac_cv_env_CC_set=
ac_cv_env_CC_value=
ac_cv_env_CFLAGS_set=
ac_cv_env_CFLAGS_value=
ac_cv_env_CPPFLAGS_set=
ac_cv_env_CPPFLAGS_value=
ac_cv_env_CPP_set=
ac_cv_env_CPP_value=
ac_cv_env_LDFLAGS_set=
ac_cv_env_LDFLAGS_value=
ac_cv_env_LIBS_set=
ac_cv_env_LIBS_value=
ac_cv_env_MACHDEP_set=
ac_cv_env_MACHDEP_value=
ac_cv_env_PKG_CONFIG_LIBDIR_set=
ac_cv_env_PKG_CONFIG_LIBDIR_value=
ac_cv_env_PKG_CONFIG_PATH_set=
ac_cv_env_PKG_CONFIG_PATH_value=
ac_cv_env_PKG_CONFIG_set=
ac_cv_env_PKG_CONFIG_value=
ac_cv_env_build_alias_set=
ac_cv_env_build_alias_value=
ac_cv_env_host_alias_set=
ac_cv_env_host_alias_value=
ac_cv_env_target_alias_set=
ac_cv_env_target_alias_value=
ac_cv_host=x86_64-pc-linux-gnu
ac_cv_prog_PYTHON_FOR_REGEN=python3

## ----------------- ##
## Output variables. ##
## ----------------- ##

ABIFLAGS=''
AR=''
ARCH_RUN_32BIT=''
ARFLAGS=''
BASECFLAGS=''
BASECPPFLAGS=''
BLDLIBRARY=''
BLDSHARED=''
BUILDEXEEXT=''
CC=''
CCSHARED=''
CFLAGS=''
CFLAGSFORSHARED=''
CFLAGS_ALIASING=''
CFLAGS_NODIST=''
CONFIGURE_MACOSX_DEPLOYMENT_TARGET=''
CONFIG_ARGS=' '\''--enable-loadable-sqlite-extensions'\'' '\''--enable-optimizations'\'''
CPP=''
CPPFLAGS=''
CXX=''
DEFS=''
DEF_MAKE_ALL_RULE=''
DEF_MAKE_RULE=''
DLINCLDIR=''
DLLLIBRARY=''
DYNLOADFILE=''
ECHO_C=''
ECHO_N='-n'
ECHO_T=''
EGREP=''
ENSUREPIP=''
EXEEXT=''
EXPORT_MACOSX_DEPLOYMENT_TARGET='#'
EXT_SUFFIX=''
FRAMEWORKALTINSTALLFIRST=''
FRAMEWORKALTINSTALLLAST=''
FRAMEWORKINSTALLAPPSPREFIX=''
FRAMEWORKINSTALLFIRST=''
FRAMEWORKINSTALLLAST=''
FRAMEWORKPYTHONW=''
FRAMEWORKUNIXTOOLSPREFIX='/usr/local'
GITBRANCH=''
GITTAG=''
GITVERSION=''
GNULD=''
GREP=''
HAS_GIT='no-repository'
HAVE_GETHOSTBYNAME=''
HAVE_GETHOSTBYNAME_R=''
HAVE_GETHOSTBYNAME_R_3_ARG=''
HAVE_GETHOSTBYNAME_R_5_ARG=''
HAVE_GETHOSTBYNAME_R_6_ARG=''
INSTALL_DATA=''
INSTALL_PROGRAM=''
INSTALL_SCRIPT=''
INSTSONAME=''
LDCXXSHARED=''
LDFLAGS=''
LDLAST=''
LDLIBRARY=''
LDLIBRARYDIR=''
LDSHARED=''
LDVERSION=''
LIBC=''
LIBFFI_INCLUDEDIR=''
LIBM=''
LIBOBJS=''
LIBPL=''
LIBRARY=''
LIBS=''
LIBTOOL_CRUFT=''
LINKCC=''
LINKFORSHARED=''
LIPO_32BIT_FLAGS=''
LLVM_PROFDATA=''
LLVM_PROF_ERR=''
LLVM_PROF_FILE=''
LLVM_PROF_FOUND=''
LLVM_PROF_MERGER=''
LN=''
LTLIBOBJS=''
LTOFLAGS=''
MACHDEP='linux'
MACHDEP_OBJS=''
MAINCC=''
MKDIR_P=''
MULTIARCH=''
NO_AS_NEEDED=''
OBJEXT=''
OPT=''
OTHER_LIBTOOL_OPT=''
PACKAGE_BUGREPORT='https://bugs.python.org/'
PACKAGE_NAME='python'
PACKAGE_STRING='python 3.5'
PACKAGE_TARNAME='python'
PACKAGE_URL=''
PACKAGE_VERSION='3.5'
PATH_SEPARATOR=':'
PGO_PROF_GEN_FLAG=''
PGO_PROF_USE_FLAG=''
PKG_CONFIG=''
PKG_CONFIG_LIBDIR=''
PKG_CONFIG_PATH=''
PLATDIR=''
PLATFORM_TRIPLET=''
PY3LIBRARY=''
PYTHONFRAMEWORK=''
PYTHONFRAMEWORKDIR='no-framework'
PYTHONFRAMEWORKIDENTIFIER='org.python.python'
PYTHONFRAMEWORKINSTALLDIR=''
PYTHONFRAMEWORKPREFIX=''
PYTHON_FOR_BUILD='./$(BUILDPYTHON) -E'
PYTHON_FOR_REGEN='python3'
PY_ENABLE_SHARED=''
RANLIB=''
READELF=''
RUNSHARED=''
SGI_ABI=''
SHELL='/bin/bash'
SHLIBS=''
SHLIB_SUFFIX=''
SIGNAL_OBJS=''
SOABI=''
SOVERSION='1.0'
SRCDIRS=''
TCLTK_INCLUDES=''
TCLTK_LIBS=''
THREADHEADERS=''
THREADOBJ=''
TRUE=''
UNIVERSALSDK=''
UNIVERSAL_ARCH_FLAGS=''
USE_INLINE=''
USE_SIGNAL_MODULE=''
USE_THREAD_MODULE=''
VERSION='3.5'
_PYTHON_HOST_PLATFORM=''
ac_ct_AR=''
ac_ct_CC=''
ac_ct_CXX=''
ac_ct_READELF=''
bindir='${exec_prefix}/bin'
build='x86_64-pc-linux-gnu'
build_alias=''
build_cpu='x86_64'
build_os='linux-gnu'
build_vendor='pc'
datadir='${datarootdir}'
datarootdir='${prefix}/share'
docdir='${datarootdir}/doc/${PACKAGE_TARNAME}'
dvidir='${docdir}'
exec_prefix='NONE'
host='x86_64-pc-linux-gnu'
host_alias=''
host_cpu='x86_64'
host_os='linux-gnu'
host_vendor='pc'
htmldir='${docdir}'
includedir='${prefix}/include'
infodir='${datarootdir}/info'
libdir='${exec_prefix}/lib'
libexecdir='${exec_prefix}/libexec'
localedir='${datarootdir}/locale'
localstatedir='${prefix}/var'
mandir='${datarootdir}/man'
oldincludedir='/usr/include'
pdfdir='${docdir}'
prefix='NONE'
program_transform_name='s,x,x,'
psdir='${docdir}'
sbindir='${exec_prefix}/sbin'
sharedstatedir='${prefix}/com'
sysconfdir='${prefix}/etc'
target=''
target_alias=''
target_cpu=''
target_os=''
target_vendor=''

## ----------- ##
## confdefs.h. ##
## ----------- ##

/* confdefs.h */
#define _GNU_SOURCE 1
#define _NETBSD_SOURCE 1
#define __BSD_VISIBLE 1
#define _BSD_TYPES 1
#define _DARWIN_C_SOURCE 1
#define _XOPEN_SOURCE 700
#define _XOPEN_SOURCE_EXTENDED 1
#define _POSIX_C_SOURCE 200809L

configure: exit 1
